<?xml version="1.0" encoding="UTF-8"?>
<testsuite name="com.example.demo.springreactivedemo.SpringReactiveDemoApplicationTests" tests="1" skipped="0" failures="0" errors="0" timestamp="2020-05-06T11:39:22" hostname="AHMakhatriP9LVCG" time="0.141">
  <properties/>
  <testcase name="contextLoads()" classname="com.example.demo.springreactivedemo.SpringReactiveDemoApplicationTests" time="0.141"/>
  <system-out><![CDATA[17:09:20.460 [Test worker] DEBUG org.springframework.test.context.BootstrapUtils - Instantiating CacheAwareContextLoaderDelegate from class [org.springframework.test.context.cache.DefaultCacheAwareContextLoaderDelegate]
17:09:20.470 [Test worker] DEBUG org.springframework.test.context.BootstrapUtils - Instantiating BootstrapContext using constructor [public org.springframework.test.context.support.DefaultBootstrapContext(java.lang.Class,org.springframework.test.context.CacheAwareContextLoaderDelegate)]
17:09:20.491 [Test worker] DEBUG org.springframework.test.context.BootstrapUtils - Instantiating TestContextBootstrapper for test class [com.example.demo.springreactivedemo.SpringReactiveDemoApplicationTests] from class [org.springframework.boot.test.context.SpringBootTestContextBootstrapper]
17:09:20.502 [Test worker] INFO org.springframework.boot.test.context.SpringBootTestContextBootstrapper - Neither @ContextConfiguration nor @ContextHierarchy found for test class [com.example.demo.springreactivedemo.SpringReactiveDemoApplicationTests], using SpringBootContextLoader
17:09:20.505 [Test worker] DEBUG org.springframework.test.context.support.AbstractContextLoader - Did not detect default resource location for test class [com.example.demo.springreactivedemo.SpringReactiveDemoApplicationTests]: class path resource [com/example/demo/springreactivedemo/SpringReactiveDemoApplicationTests-context.xml] does not exist
17:09:20.505 [Test worker] DEBUG org.springframework.test.context.support.AbstractContextLoader - Did not detect default resource location for test class [com.example.demo.springreactivedemo.SpringReactiveDemoApplicationTests]: class path resource [com/example/demo/springreactivedemo/SpringReactiveDemoApplicationTestsContext.groovy] does not exist
17:09:20.505 [Test worker] INFO org.springframework.test.context.support.AbstractContextLoader - Could not detect default resource locations for test class [com.example.demo.springreactivedemo.SpringReactiveDemoApplicationTests]: no resource found for suffixes {-context.xml, Context.groovy}.
17:09:20.506 [Test worker] INFO org.springframework.test.context.support.AnnotationConfigContextLoaderUtils - Could not detect default configuration classes for test class [com.example.demo.springreactivedemo.SpringReactiveDemoApplicationTests]: SpringReactiveDemoApplicationTests does not declare any static, non-private, non-final, nested classes annotated with @Configuration.
17:09:20.539 [Test worker] DEBUG org.springframework.test.context.support.ActiveProfilesUtils - Could not find an 'annotation declaring class' for annotation type [org.springframework.test.context.ActiveProfiles] and class [com.example.demo.springreactivedemo.SpringReactiveDemoApplicationTests]
17:09:20.597 [Test worker] DEBUG org.springframework.context.annotation.ClassPathScanningCandidateComponentProvider - Identified candidate component class: file [/Users/anandkhatri/projects/MyGitProjects/spring-reactive-demo/build/classes/java/main/com/example/demo/springreactivedemo/SpringReactiveDemoApplication.class]
17:09:20.598 [Test worker] INFO org.springframework.boot.test.context.SpringBootTestContextBootstrapper - Found @SpringBootConfiguration com.example.demo.springreactivedemo.SpringReactiveDemoApplication for test class com.example.demo.springreactivedemo.SpringReactiveDemoApplicationTests
17:09:20.667 [Test worker] DEBUG org.springframework.boot.test.context.SpringBootTestContextBootstrapper - @TestExecutionListeners is not present for class [com.example.demo.springreactivedemo.SpringReactiveDemoApplicationTests]: using defaults.
17:09:20.667 [Test worker] INFO org.springframework.boot.test.context.SpringBootTestContextBootstrapper - Loaded default TestExecutionListener class names from location [META-INF/spring.factories]: [org.springframework.boot.test.autoconfigure.restdocs.RestDocsTestExecutionListener, org.springframework.boot.test.autoconfigure.web.client.MockRestServiceServerResetTestExecutionListener, org.springframework.boot.test.autoconfigure.web.servlet.MockMvcPrintOnlyOnFailureTestExecutionListener, org.springframework.boot.test.autoconfigure.web.servlet.WebDriverTestExecutionListener, org.springframework.boot.test.mock.mockito.MockitoTestExecutionListener, org.springframework.boot.test.mock.mockito.ResetMocksTestExecutionListener, org.springframework.test.context.web.ServletTestExecutionListener, org.springframework.test.context.support.DirtiesContextBeforeModesTestExecutionListener, org.springframework.test.context.support.DependencyInjectionTestExecutionListener, org.springframework.test.context.support.DirtiesContextTestExecutionListener, org.springframework.test.context.transaction.TransactionalTestExecutionListener, org.springframework.test.context.jdbc.SqlScriptsTestExecutionListener, org.springframework.test.context.event.EventPublishingTestExecutionListener]
17:09:20.675 [Test worker] DEBUG org.springframework.boot.test.context.SpringBootTestContextBootstrapper - Skipping candidate TestExecutionListener [org.springframework.test.context.transaction.TransactionalTestExecutionListener] due to a missing dependency. Specify custom listener classes or make the default listener classes and their required dependencies available. Offending class: [org/springframework/transaction/interceptor/TransactionAttributeSource]
17:09:20.676 [Test worker] DEBUG org.springframework.boot.test.context.SpringBootTestContextBootstrapper - Skipping candidate TestExecutionListener [org.springframework.test.context.jdbc.SqlScriptsTestExecutionListener] due to a missing dependency. Specify custom listener classes or make the default listener classes and their required dependencies available. Offending class: [org/springframework/transaction/interceptor/TransactionAttribute]
17:09:20.676 [Test worker] INFO org.springframework.boot.test.context.SpringBootTestContextBootstrapper - Using TestExecutionListeners: [org.springframework.test.context.web.ServletTestExecutionListener@213a19f4, org.springframework.test.context.support.DirtiesContextBeforeModesTestExecutionListener@6a11f3da, org.springframework.boot.test.mock.mockito.MockitoTestExecutionListener@4945c3ae, org.springframework.boot.test.autoconfigure.SpringBootDependencyInjectionTestExecutionListener@60b67e48, org.springframework.test.context.support.DirtiesContextTestExecutionListener@11b22e13, org.springframework.test.context.event.EventPublishingTestExecutionListener@74d880dc, org.springframework.boot.test.autoconfigure.restdocs.RestDocsTestExecutionListener@13e7755a, org.springframework.boot.test.autoconfigure.web.client.MockRestServiceServerResetTestExecutionListener@40f01d50, org.springframework.boot.test.autoconfigure.web.servlet.MockMvcPrintOnlyOnFailureTestExecutionListener@40b271eb, org.springframework.boot.test.autoconfigure.web.servlet.WebDriverTestExecutionListener@705cc741, org.springframework.boot.test.mock.mockito.ResetMocksTestExecutionListener@58b921b5]
17:09:20.680 [Test worker] DEBUG org.springframework.test.context.support.AbstractDirtiesContextTestExecutionListener - Before test class: context [DefaultTestContext@6fb2d878 testClass = SpringReactiveDemoApplicationTests, testInstance = [null], testMethod = [null], testException = [null], mergedContextConfiguration = [WebMergedContextConfiguration@29c93a57 testClass = SpringReactiveDemoApplicationTests, locations = '{}', classes = '{class com.example.demo.springreactivedemo.SpringReactiveDemoApplication}', contextInitializerClasses = '[]', activeProfiles = '{}', propertySourceLocations = '{}', propertySourceProperties = '{org.springframework.boot.test.context.SpringBootTestContextBootstrapper=true}', contextCustomizers = set[org.springframework.boot.test.autoconfigure.properties.PropertyMappingContextCustomizer@0, org.springframework.boot.test.autoconfigure.web.servlet.WebDriverContextCustomizerFactory$Customizer@60f7d065, org.springframework.boot.test.context.filter.ExcludeFilterContextCustomizer@180e16ee, org.springframework.boot.test.json.DuplicateJsonObjectContextCustomizerFactory$DuplicateJsonObjectContextCustomizer@59a4e9d9, org.springframework.boot.test.mock.mockito.MockitoContextCustomizer@0, org.springframework.boot.test.web.client.TestRestTemplateContextCustomizer@324817d0, org.springframework.boot.test.web.reactive.server.WebTestClientContextCustomizer@646d7bc5], resourceBasePath = 'src/main/webapp', contextLoader = 'org.springframework.boot.test.context.SpringBootContextLoader', parent = [null]], attributes = map['org.springframework.test.context.web.ServletTestExecutionListener.activateListener' -> true]], class annotated with @DirtiesContext [false] with mode [null].
17:09:20.698 [Test worker] DEBUG org.springframework.test.context.support.TestPropertySourceUtils - Adding inlined properties to environment: {spring.jmx.enabled=false, org.springframework.boot.test.context.SpringBootTestContextBootstrapper=true, server.port=-1}

  .   ____          _            __ _ _
 /\\ / ___'_ __ _ _(_)_ __  __ _ \ \ \ \
( ( )\___ | '_ | '_| | '_ \/ _` | \ \ \ \
 \\/  ___)| |_)| | | | | || (_| |  ) ) ) )
  '  |____| .__|_| |_|_| |_\__, | / / / /
 =========|_|==============|___/=/_/_/_/
 :: Spring Boot ::        (v2.2.6.RELEASE)

2020-05-06 17:09:20.869  INFO 65677 --- [    Test worker] e.d.s.SpringReactiveDemoApplicationTests : Starting SpringReactiveDemoApplicationTests on AHMakhatriP9LVCG with PID 65677 (started by anandkhatri in /Users/anandkhatri/projects/MyGitProjects/spring-reactive-demo)
2020-05-06 17:09:20.870  INFO 65677 --- [    Test worker] e.d.s.SpringReactiveDemoApplicationTests : No active profile set, falling back to default profiles: default
2020-05-06 17:09:21.946  INFO 65677 --- [    Test worker] o.s.s.concurrent.ThreadPoolTaskExecutor  : Initializing ExecutorService 'applicationTaskExecutor'
2020-05-06 17:09:22.184  INFO 65677 --- [    Test worker] e.d.s.SpringReactiveDemoApplicationTests : Started SpringReactiveDemoApplicationTests in 1.48 seconds (JVM running for 2.427)
]]></system-out>
  <system-err><![CDATA[]]></system-err>
</testsuite>
