<?xml version="1.0" encoding="UTF-8"?>
<testsuite name="com.example.demo.springreactivedemo.services.JokeServiceTest" tests="2" skipped="0" failures="0" errors="0" timestamp="2020-05-06T11:39:22" hostname="AHMakhatriP9LVCG" time="4.751">
  <properties/>
  <testcase name="test()" classname="com.example.demo.springreactivedemo.services.JokeServiceTest" time="3.931"/>
  <testcase name="getJokeAsync()" classname="com.example.demo.springreactivedemo.services.JokeServiceTest" time="0.819"/>
  <system-out><![CDATA[2020-05-06 17:09:22.345  INFO 65677 --- [    Test worker] .b.t.c.SpringBootTestContextBootstrapper : Neither @ContextConfiguration nor @ContextHierarchy found for test class [com.example.demo.springreactivedemo.services.JokeServiceTest], using SpringBootContextLoader
2020-05-06 17:09:22.346  INFO 65677 --- [    Test worker] o.s.t.c.support.AbstractContextLoader    : Could not detect default resource locations for test class [com.example.demo.springreactivedemo.services.JokeServiceTest]: no resource found for suffixes {-context.xml, Context.groovy}.
2020-05-06 17:09:22.347  INFO 65677 --- [    Test worker] t.c.s.AnnotationConfigContextLoaderUtils : Could not detect default configuration classes for test class [com.example.demo.springreactivedemo.services.JokeServiceTest]: JokeServiceTest does not declare any static, non-private, non-final, nested classes annotated with @Configuration.
2020-05-06 17:09:22.353  INFO 65677 --- [    Test worker] .b.t.c.SpringBootTestContextBootstrapper : Found @SpringBootConfiguration com.example.demo.springreactivedemo.SpringReactiveDemoApplication for test class com.example.demo.springreactivedemo.services.JokeServiceTest
2020-05-06 17:09:22.354  INFO 65677 --- [    Test worker] .b.t.c.SpringBootTestContextBootstrapper : Loaded default TestExecutionListener class names from location [META-INF/spring.factories]: [org.springframework.boot.test.autoconfigure.restdocs.RestDocsTestExecutionListener, org.springframework.boot.test.autoconfigure.web.client.MockRestServiceServerResetTestExecutionListener, org.springframework.boot.test.autoconfigure.web.servlet.MockMvcPrintOnlyOnFailureTestExecutionListener, org.springframework.boot.test.autoconfigure.web.servlet.WebDriverTestExecutionListener, org.springframework.boot.test.mock.mockito.MockitoTestExecutionListener, org.springframework.boot.test.mock.mockito.ResetMocksTestExecutionListener, org.springframework.test.context.web.ServletTestExecutionListener, org.springframework.test.context.support.DirtiesContextBeforeModesTestExecutionListener, org.springframework.test.context.support.DependencyInjectionTestExecutionListener, org.springframework.test.context.support.DirtiesContextTestExecutionListener, org.springframework.test.context.transaction.TransactionalTestExecutionListener, org.springframework.test.context.jdbc.SqlScriptsTestExecutionListener, org.springframework.test.context.event.EventPublishingTestExecutionListener]
2020-05-06 17:09:22.355  INFO 65677 --- [    Test worker] .b.t.c.SpringBootTestContextBootstrapper : Using TestExecutionListeners: [org.springframework.test.context.web.ServletTestExecutionListener@4882e202, org.springframework.test.context.support.DirtiesContextBeforeModesTestExecutionListener@41cd3c37, org.springframework.boot.test.mock.mockito.MockitoTestExecutionListener@134ab645, org.springframework.boot.test.autoconfigure.SpringBootDependencyInjectionTestExecutionListener@44de6503, org.springframework.test.context.support.DirtiesContextTestExecutionListener@1b130d68, org.springframework.test.context.event.EventPublishingTestExecutionListener@3397a6b9, org.springframework.boot.test.autoconfigure.restdocs.RestDocsTestExecutionListener@75a9d610, org.springframework.boot.test.autoconfigure.web.client.MockRestServiceServerResetTestExecutionListener@42e853db, org.springframework.boot.test.autoconfigure.web.servlet.MockMvcPrintOnlyOnFailureTestExecutionListener@41137ea3, org.springframework.boot.test.autoconfigure.web.servlet.WebDriverTestExecutionListener@4fbfba56, org.springframework.boot.test.mock.mockito.ResetMocksTestExecutionListener@749dfce7]
2020-05-06 17:09:22.362  INFO 65677 --- [    Test worker] c.e.d.s.services.JokeService             : hello
]]></system-out>
  <system-err><![CDATA[]]></system-err>
</testsuite>
